[0m20:03:46.869135 [debug] [MainThread]: Sending event: {'category': 'dbt', 'action': 'invocation', 'label': 'start', 'context': [<snowplow_tracker.self_describing_json.SelfDescribingJson object at 0x00000279C1D98980>, <snowplow_tracker.self_describing_json.SelfDescribingJson object at 0x00000279C2ED7ED0>, <snowplow_tracker.self_describing_json.SelfDescribingJson object at 0x00000279C2ED7B10>]}


============================== 20:03:46.876582 | 555f7a3d-a719-4a4b-aabf-94e28a10d607 ==============================
[0m20:03:46.876582 [info ] [MainThread]: Running with dbt=1.11.5
[0m20:03:46.878220 [debug] [MainThread]: running dbt with arguments {'version_check': 'True', 'no_print': 'None', 'static_parser': 'True', 'target_path': 'None', 'warn_error_options': 'WarnErrorOptionsV2(error=[], warn=[], silence=[])', 'printer_width': '80', 'write_json': 'True', 'empty': 'None', 'log_cache_events': 'False', 'introspect': 'True', 'cache_selected_only': 'False', 'fail_fast': 'False', 'debug': 'False', 'log_format': 'default', 'partial_parse': 'True', 'send_anonymous_usage_stats': 'True', 'quiet': 'False', 'warn_error': 'None', 'profiles_dir': 'C:\\Users\\maris\\.dbt', 'indirect_selection': 'eager', 'invocation_command': 'dbt init dbt_stocks', 'use_colors': 'True', 'use_experimental_parser': 'False', 'log_path': 'logs'}
[0m20:03:46.939691 [debug] [MainThread]: Starter project path: C:\Users\maris\Documents\projects\real-time-stocks-mds\venv\Lib\site-packages\dbt\include\starter_project
[0m20:03:46.978870 [info ] [MainThread]: 
Your new dbt project "dbt_stocks" was created!

For more information on how to configure the profiles.yml file,
please consult the dbt documentation here:

  https://docs.getdbt.com/docs/configure-your-profile

One more thing:

Need help? Don't hesitate to reach out to us via GitHub issues or on Slack:

  https://community.getdbt.com/

Happy modeling!

[0m20:03:46.980360 [info ] [MainThread]: Setting up your profile.
[0m20:03:48.972278 [debug] [MainThread]: Snowflake adapter: Setting snowflake.connector to ERROR (file logging only)
[0m20:03:48.972924 [debug] [MainThread]: Snowflake adapter: Setting botocore to ERROR (file logging only)
[0m20:03:48.973426 [debug] [MainThread]: Snowflake adapter: Setting boto3 to ERROR (file logging only)
[0m20:05:05.088986 [info ] [MainThread]: Profile dbt_stocks written to C:\Users\maris\.dbt\profiles.yml using target's profile_template.yml and your supplied values. Run 'dbt debug' to validate the connection.
[0m20:05:05.091538 [debug] [MainThread]: Command `dbt init` succeeded at 20:05:05.091221 after 78.42 seconds
[0m20:05:05.092235 [debug] [MainThread]: Sending event: {'category': 'dbt', 'action': 'invocation', 'label': 'end', 'context': [<snowplow_tracker.self_describing_json.SelfDescribingJson object at 0x00000279C5025480>, <snowplow_tracker.self_describing_json.SelfDescribingJson object at 0x00000279C4811010>, <snowplow_tracker.self_describing_json.SelfDescribingJson object at 0x00000279C4F4ACF0>]}
[0m20:05:05.093277 [debug] [MainThread]: Flushing usage events
[0m20:05:11.403399 [debug] [MainThread]: An error was encountered while trying to flush usage events
